This file contains any messages produced by compilers while
running configure, to aid debugging if configure makes a mistake.

It was created by pango configure 1.24.2, which was
generated by GNU Autoconf 2.63.  Invocation command line was

  $ ./configure 

## --------- ##
## Platform. ##
## --------- ##

hostname = blackiii
uname -m = arm
uname -r = 3.2.0-25-generic
uname -s = Linux
uname -v = #40-Ubuntu SMP Wed May 23 20:30:51 UTC 2012

/usr/bin/uname -p = unknown
/bin/uname -X     = unknown

/bin/arch              = arm
/usr/bin/arch -k       = arm
/usr/convex/getsysinfo = unknown
/usr/bin/hostinfo      = unknown
/bin/machine           = unknown
/usr/bin/oslevel       = unknown
/bin/universe          = unknown

PATH: /host_usr/bin
PATH: /scratchbox/devkits/hashutils-squeeze-sdk/bin
PATH: /scratchbox/devkits/debian-squeeze/bin
PATH: /scratchbox/devkits/perl/bin
PATH: /scratchbox/devkits/qemu/bin
PATH: /scratchbox/tools/bin
PATH: /targets/links/arch_tools/bin
PATH: /scratchbox/compilers/bin
PATH: /bin
PATH: /usr/bin
PATH: /usr/local/bin
PATH: /usr/X11R6/bin
PATH: /sbin
PATH: /usr/sbin


## ----------- ##
## Core tests. ##
## ----------- ##

configure:2325: checking for a BSD-compatible install
configure:2393: result: /scratchbox/tools/bin/install -c
configure:2404: checking whether build environment is sane
configure:2447: result: yes
configure:2472: checking for a thread-safe mkdir -p
configure:2511: result: /scratchbox/tools/bin/mkdir -p
configure:2524: checking for gawk
configure:2540: found /scratchbox/tools/bin/gawk
configure:2551: result: gawk
configure:2562: checking whether make sets $(MAKE)
configure:2584: result: yes
configure:2836: checking build system type
configure:2854: result: arm-unknown-linux-gnueabi
configure:2876: checking host system type
configure:2891: result: arm-unknown-linux-gnueabi
configure:2914: checking for native Win32
configure:2932: result: no
configure:2994: checking for gcc
configure:3010: found /scratchbox/compilers/bin/gcc
configure:3021: result: gcc
configure:3253: checking for C compiler version
configure:3261: gcc --version >&5
sbox-arm-none-linux-gnueabi-gcc ('cs2009q3-hard-67-sb16') 4.4.1
Copyright (C) 2009 Free Software Foundation, Inc.
This is free software; see the source for copying conditions.  There is NO
warranty; not even for MERCHANTABILITY or FITNESS FOR A PARTICULAR PURPOSE.

configure:3265: $? = 0
configure:3272: gcc -v >&5
Using built-in specs.
Reading specs from /scratchbox/compilers/cs2009q3-eglibc2.10-armv7-hard/gcc.specs
rename spec cpp to old_cpp
rename spec cc1 to old_cc1
rename spec link to old_link
rename spec mflib to old_mflib
Target: arm-none-linux-gnueabi
Configured with: /home/jhakala/cs2009q3-sb16/arm-hard/src/gcc-4.4/configure --build=i686-pc-linux-gnu --host=i686-pc-linux-gnu --target=arm-none-linux-gnueabi --enable-threads --disable-libmudflap --disable-libssp --disable-libstdcxx-pch --with-arch=armv7-a --with-float=hard --with-fpu=neon --with-gnu-as --with-gnu-ld --with-specs='%{funwind-tables|fno-unwind-tables|mabi=*|ffreestanding|nostdlib:;:-funwind-tables} %{O2:%{!fno-remove-local-statics: -fremove-local-statics}} %{O*:%{O|O0|O1|O2|Os:;:%{!fno-remove-local-statics: -fremove-local-statics}}}' --enable-languages=c,c++ --enable-shared --disable-lto --enable-symvers=gnu --enable-__cxa_atexit --with-pkgversion=''\''cs2009q3-hard-67-sb16'\''' --with-bugurl=''\''https://bugs.maemo.org/'\''' --disable-nls --prefix=/opt/cs2009q3-hard-67-sb16 --with-sysroot=/opt/cs2009q3-hard-67-sb16/arm-none-linux-gnueabi/libc --with-build-sysroot=/home/jhakala/cs2009q3-sb16/arm-hard/build/install/arm-none-linux-gnueabi/libc --with-gmp=/home/jhakala/cs2009q3-sb16/arm-hard/build/obj/host-libs-cs2009q3-eglibc2.10-armv7-hard-arm-none-linux-gnueabi-i686-pc-linux-gnu/usr --with-mpfr=/home/jhakala/cs2009q3-sb16/arm-hard/build/obj/host-libs-cs2009q3-eglibc2.10-armv7-hard-arm-none-linux-gnueabi-i686-pc-linux-gnu/usr --with-ppl=/home/jhakala/cs2009q3-sb16/arm-hard/build/obj/host-libs-cs2009q3-eglibc2.10-armv7-hard-arm-none-linux-gnueabi-i686-pc-linux-gnu/usr --with-host-libstdcxx='-static-libgcc -Wl,-Bstatic,-lstdc++,-Bdynamic -lm' --with-cloog=/home/jhakala/cs2009q3-sb16/arm-hard/build/obj/host-libs-cs2009q3-eglibc2.10-armv7-hard-arm-none-linux-gnueabi-i686-pc-linux-gnu/usr --disable-libgomp --with-build-time-tools=/home/jhakala/cs2009q3-sb16/arm-hard/build/install/arm-none-linux-gnueabi/bin --enable-clocale=gnu
Thread model: posix
gcc version 4.4.1 ('cs2009q3-hard-67-sb16') 
configure:3276: $? = 0
configure:3283: gcc -V >&5
sbox-arm-none-linux-gnueabi-gcc: '-V' must come at the start of the command line
configure:3287: $? = 1
configure:3310: checking for C compiler default output file name
configure:3332: gcc    conftest.c  >&5
configure:3336: $? = 0
configure:3374: result: a.out
configure:3393: checking whether the C compiler works
configure:3403: ./a.out
configure:3407: $? = 0
configure:3426: result: yes
configure:3433: checking whether we are cross compiling
configure:3435: result: no
configure:3438: checking for suffix of executables
configure:3445: gcc -o conftest    conftest.c  >&5
configure:3449: $? = 0
configure:3475: result: 
configure:3481: checking for suffix of object files
configure:3507: gcc -c   conftest.c >&5
configure:3511: $? = 0
configure:3536: result: o
configure:3540: checking whether we are using the GNU C compiler
configure:3569: gcc -c   conftest.c >&5
configure:3576: $? = 0
configure:3593: result: yes
configure:3602: checking whether gcc accepts -g
configure:3632: gcc -c -g  conftest.c >&5
configure:3639: $? = 0
configure:3740: result: yes
configure:3757: checking for gcc option to accept ISO C89
configure:3831: gcc  -c -g -O2  conftest.c >&5
configure:3838: $? = 0
configure:3861: result: none needed
configure:3890: checking for style of include used by make
configure:3918: result: GNU
configure:3943: checking dependency style of gcc
configure:4034: result: gcc3
configure:4054: checking for c++
configure:4070: found /scratchbox/compilers/bin/c++
configure:4081: result: c++
configure:4212: checking for C++ compiler version
configure:4220: c++ --version >&5
sbox-arm-none-linux-gnueabi-c++ ('cs2009q3-hard-67-sb16') 4.4.1
Copyright (C) 2009 Free Software Foundation, Inc.
This is free software; see the source for copying conditions.  There is NO
warranty; not even for MERCHANTABILITY or FITNESS FOR A PARTICULAR PURPOSE.

configure:4224: $? = 0
configure:4231: c++ -v >&5
Using built-in specs.
Reading specs from /scratchbox/compilers/cs2009q3-eglibc2.10-armv7-hard/gcc.specs
rename spec cpp to old_cpp
rename spec cc1 to old_cc1
rename spec link to old_link
rename spec mflib to old_mflib
Target: arm-none-linux-gnueabi
Configured with: /home/jhakala/cs2009q3-sb16/arm-hard/src/gcc-4.4/configure --build=i686-pc-linux-gnu --host=i686-pc-linux-gnu --target=arm-none-linux-gnueabi --enable-threads --disable-libmudflap --disable-libssp --disable-libstdcxx-pch --with-arch=armv7-a --with-float=hard --with-fpu=neon --with-gnu-as --with-gnu-ld --with-specs='%{funwind-tables|fno-unwind-tables|mabi=*|ffreestanding|nostdlib:;:-funwind-tables} %{O2:%{!fno-remove-local-statics: -fremove-local-statics}} %{O*:%{O|O0|O1|O2|Os:;:%{!fno-remove-local-statics: -fremove-local-statics}}}' --enable-languages=c,c++ --enable-shared --disable-lto --enable-symvers=gnu --enable-__cxa_atexit --with-pkgversion=''\''cs2009q3-hard-67-sb16'\''' --with-bugurl=''\''https://bugs.maemo.org/'\''' --disable-nls --prefix=/opt/cs2009q3-hard-67-sb16 --with-sysroot=/opt/cs2009q3-hard-67-sb16/arm-none-linux-gnueabi/libc --with-build-sysroot=/home/jhakala/cs2009q3-sb16/arm-hard/build/install/arm-none-linux-gnueabi/libc --with-gmp=/home/jhakala/cs2009q3-sb16/arm-hard/build/obj/host-libs-cs2009q3-eglibc2.10-armv7-hard-arm-none-linux-gnueabi-i686-pc-linux-gnu/usr --with-mpfr=/home/jhakala/cs2009q3-sb16/arm-hard/build/obj/host-libs-cs2009q3-eglibc2.10-armv7-hard-arm-none-linux-gnueabi-i686-pc-linux-gnu/usr --with-ppl=/home/jhakala/cs2009q3-sb16/arm-hard/build/obj/host-libs-cs2009q3-eglibc2.10-armv7-hard-arm-none-linux-gnueabi-i686-pc-linux-gnu/usr --with-host-libstdcxx='-static-libgcc -Wl,-Bstatic,-lstdc++,-Bdynamic -lm' --with-cloog=/home/jhakala/cs2009q3-sb16/arm-hard/build/obj/host-libs-cs2009q3-eglibc2.10-armv7-hard-arm-none-linux-gnueabi-i686-pc-linux-gnu/usr --disable-libgomp --with-build-time-tools=/home/jhakala/cs2009q3-sb16/arm-hard/build/install/arm-none-linux-gnueabi/bin --enable-clocale=gnu
Thread model: posix
gcc version 4.4.1 ('cs2009q3-hard-67-sb16') 
configure:4235: $? = 0
configure:4242: c++ -V >&5
sbox-arm-none-linux-gnueabi-c++: argument to '-V' missing

configure:4246: $? = 1
configure:4249: checking whether we are using the GNU C++ compiler
configure:4278: c++ -c   conftest.cpp >&5
configure:4285: $? = 0
configure:4302: result: yes
configure:4311: checking whether c++ accepts -g
configure:4341: c++ -c -g  conftest.cpp >&5
configure:4348: $? = 0
configure:4449: result: yes
configure:4474: checking dependency style of c++
configure:4565: result: gcc3
configure:4602: c++ -c -g -O2  conftest.cpp >&5
configure:4609: $? = 0
configure:5011: checking for a sed that does not truncate output
configure:5077: result: /scratchbox/tools/bin/sed
configure:5095: checking for grep that handles long lines and -e
configure:5155: result: /scratchbox/tools/bin/grep
configure:5160: checking for egrep
configure:5224: result: /scratchbox/tools/bin/grep -E
configure:5229: checking for fgrep
configure:5293: result: /scratchbox/tools/bin/grep -F
configure:5328: checking for ld used by gcc
configure:5395: result: /scratchbox/compilers/cs2009q3-eglibc2.10-armv7-hard/arm-none-linux-gnueabi/bin/ld
configure:5404: checking if the linker (/scratchbox/compilers/cs2009q3-eglibc2.10-armv7-hard/arm-none-linux-gnueabi/bin/ld) is GNU ld
configure:5419: result: yes
configure:5431: checking for BSD- or MS-compatible name lister (nm)
configure:5480: result: /scratchbox/compilers/bin/nm -B
configure:5598: checking the name lister (/scratchbox/compilers/bin/nm -B) interface
configure:5605: gcc -c -g -O2  conftest.c >&5
configure:5608: /scratchbox/compilers/bin/nm -B "conftest.o"
configure:5611: output
00000000 B some_variable
configure:5618: result: BSD nm
configure:5621: checking whether ln -s works
configure:5625: result: yes
configure:5633: checking the maximum length of command line arguments
configure:5753: result: 1572864
configure:5770: checking whether the shell understands some XSI constructs
configure:5780: result: yes
configure:5784: checking whether the shell understands "+="
configure:5790: result: no
configure:5825: checking for /scratchbox/compilers/cs2009q3-eglibc2.10-armv7-hard/arm-none-linux-gnueabi/bin/ld option to reload object files
configure:5832: result: -r
configure:5901: checking for objdump
configure:5928: result: objdump
configure:5957: checking how to recognize dependent libraries
configure:6153: result: pass_all
configure:6213: checking for ar
configure:6229: found /scratchbox/compilers/bin/ar
configure:6240: result: ar
configure:6318: checking for strip
configure:6334: found /scratchbox/compilers/bin/strip
configure:6345: result: strip
configure:6417: checking for ranlib
configure:6433: found /scratchbox/compilers/bin/ranlib
configure:6444: result: ranlib
configure:6534: checking command to parse /scratchbox/compilers/bin/nm -B output from gcc object
configure:6652: gcc -c -g -O2  conftest.c >&5
configure:6655: $? = 0
configure:6659: /scratchbox/compilers/bin/nm -B conftest.o \| sed -n -e 's/^.*[	 ]\([ABCDGIRSTW][ABCDGIRSTW]*\)[	 ][	 ]*\([_A-Za-z][_A-Za-z0-9]*\)$/\1 \2 \2/p' \> conftest.nm
configure:6662: $? = 0
configure:6716: gcc -o conftest -g -O2   conftest.c conftstm.o >&5
configure:6719: $? = 0
configure:6757: result: ok
configure:7624: checking how to run the C preprocessor
configure:7664: gcc -E  conftest.c
configure:7671: $? = 0
configure:7702: gcc -E  conftest.c
conftest.c:16: fatal error: ac_nonexistent.h: No such file or directory
compilation terminated.
configure:7709: $? = 1
configure: failed program was:
| /* confdefs.h.  */
| #define PACKAGE_NAME "pango"
| #define PACKAGE_TARNAME "pango"
| #define PACKAGE_VERSION "1.24.2"
| #define PACKAGE_STRING "pango 1.24.2"
| #define PACKAGE_BUGREPORT "http://bugzilla.gnome.org/enter_bug.cgi?product=pango"
| #define PACKAGE "pango"
| #define VERSION "1.24.2"
| #define MODULE_VERSION "1.6.0"
| #define PANGO_BINARY_AGE 2402
| #define PANGO_INTERFACE_AGE 2
| #define PANGO_VERSION_MAJOR 1
| #define PANGO_VERSION_MINOR 24
| #define PANGO_VERSION_MICRO 2
| /* end confdefs.h.  */
| #include <ac_nonexistent.h>
configure:7742: result: gcc -E
configure:7771: gcc -E  conftest.c
configure:7778: $? = 0
configure:7809: gcc -E  conftest.c
conftest.c:16: fatal error: ac_nonexistent.h: No such file or directory
compilation terminated.
configure:7816: $? = 1
configure: failed program was:
| /* confdefs.h.  */
| #define PACKAGE_NAME "pango"
| #define PACKAGE_TARNAME "pango"
| #define PACKAGE_VERSION "1.24.2"
| #define PACKAGE_STRING "pango 1.24.2"
| #define PACKAGE_BUGREPORT "http://bugzilla.gnome.org/enter_bug.cgi?product=pango"
| #define PACKAGE "pango"
| #define VERSION "1.24.2"
| #define MODULE_VERSION "1.6.0"
| #define PANGO_BINARY_AGE 2402
| #define PANGO_INTERFACE_AGE 2
| #define PANGO_VERSION_MAJOR 1
| #define PANGO_VERSION_MINOR 24
| #define PANGO_VERSION_MICRO 2
| /* end confdefs.h.  */
| #include <ac_nonexistent.h>
configure:7856: checking for ANSI C header files
configure:7886: gcc -c -g -O2  conftest.c >&5
configure:7893: $? = 0
configure:7992: gcc -o conftest -g -O2   conftest.c  >&5
configure:7996: $? = 0
configure:8002: ./conftest
configure:8006: $? = 0
configure:8024: result: yes
configure:8048: checking for sys/types.h
configure:8069: gcc -c -g -O2  conftest.c >&5
configure:8076: $? = 0
configure:8093: result: yes
configure:8048: checking for sys/stat.h
configure:8069: gcc -c -g -O2  conftest.c >&5
configure:8076: $? = 0
configure:8093: result: yes
configure:8048: checking for stdlib.h
configure:8069: gcc -c -g -O2  conftest.c >&5
configure:8076: $? = 0
configure:8093: result: yes
configure:8048: checking for string.h
configure:8069: gcc -c -g -O2  conftest.c >&5
configure:8076: $? = 0
configure:8093: result: yes
configure:8048: checking for memory.h
configure:8069: gcc -c -g -O2  conftest.c >&5
configure:8076: $? = 0
configure:8093: result: yes
configure:8048: checking for strings.h
configure:8069: gcc -c -g -O2  conftest.c >&5
configure:8076: $? = 0
configure:8093: result: yes
configure:8048: checking for inttypes.h
configure:8069: gcc -c -g -O2  conftest.c >&5
configure:8076: $? = 0
configure:8093: result: yes
configure:8048: checking for stdint.h
configure:8069: gcc -c -g -O2  conftest.c >&5
configure:8076: $? = 0
configure:8093: result: yes
configure:8048: checking for unistd.h
configure:8069: gcc -c -g -O2  conftest.c >&5
configure:8076: $? = 0
configure:8093: result: yes
configure:8111: checking for dlfcn.h
configure:8132: gcc -c -g -O2  conftest.c >&5
configure:8139: $? = 0
configure:8156: result: yes
configure:8283: checking for C++ compiler version
configure:8291: c++ --version >&5
sbox-arm-none-linux-gnueabi-c++ ('cs2009q3-hard-67-sb16') 4.4.1
Copyright (C) 2009 Free Software Foundation, Inc.
This is free software; see the source for copying conditions.  There is NO
warranty; not even for MERCHANTABILITY or FITNESS FOR A PARTICULAR PURPOSE.

configure:8295: $? = 0
configure:8302: c++ -v >&5
Using built-in specs.
Reading specs from /scratchbox/compilers/cs2009q3-eglibc2.10-armv7-hard/gcc.specs
rename spec cpp to old_cpp
rename spec cc1 to old_cc1
rename spec link to old_link
rename spec mflib to old_mflib
Target: arm-none-linux-gnueabi
Configured with: /home/jhakala/cs2009q3-sb16/arm-hard/src/gcc-4.4/configure --build=i686-pc-linux-gnu --host=i686-pc-linux-gnu --target=arm-none-linux-gnueabi --enable-threads --disable-libmudflap --disable-libssp --disable-libstdcxx-pch --with-arch=armv7-a --with-float=hard --with-fpu=neon --with-gnu-as --with-gnu-ld --with-specs='%{funwind-tables|fno-unwind-tables|mabi=*|ffreestanding|nostdlib:;:-funwind-tables} %{O2:%{!fno-remove-local-statics: -fremove-local-statics}} %{O*:%{O|O0|O1|O2|Os:;:%{!fno-remove-local-statics: -fremove-local-statics}}}' --enable-languages=c,c++ --enable-shared --disable-lto --enable-symvers=gnu --enable-__cxa_atexit --with-pkgversion=''\''cs2009q3-hard-67-sb16'\''' --with-bugurl=''\''https://bugs.maemo.org/'\''' --disable-nls --prefix=/opt/cs2009q3-hard-67-sb16 --with-sysroot=/opt/cs2009q3-hard-67-sb16/arm-none-linux-gnueabi/libc --with-build-sysroot=/home/jhakala/cs2009q3-sb16/arm-hard/build/install/arm-none-linux-gnueabi/libc --with-gmp=/home/jhakala/cs2009q3-sb16/arm-hard/build/obj/host-libs-cs2009q3-eglibc2.10-armv7-hard-arm-none-linux-gnueabi-i686-pc-linux-gnu/usr --with-mpfr=/home/jhakala/cs2009q3-sb16/arm-hard/build/obj/host-libs-cs2009q3-eglibc2.10-armv7-hard-arm-none-linux-gnueabi-i686-pc-linux-gnu/usr --with-ppl=/home/jhakala/cs2009q3-sb16/arm-hard/build/obj/host-libs-cs2009q3-eglibc2.10-armv7-hard-arm-none-linux-gnueabi-i686-pc-linux-gnu/usr --with-host-libstdcxx='-static-libgcc -Wl,-Bstatic,-lstdc++,-Bdynamic -lm' --with-cloog=/home/jhakala/cs2009q3-sb16/arm-hard/build/obj/host-libs-cs2009q3-eglibc2.10-armv7-hard-arm-none-linux-gnueabi-i686-pc-linux-gnu/usr --disable-libgomp --with-build-time-tools=/home/jhakala/cs2009q3-sb16/arm-hard/build/install/arm-none-linux-gnueabi/bin --enable-clocale=gnu
Thread model: posix
gcc version 4.4.1 ('cs2009q3-hard-67-sb16') 
configure:8306: $? = 0
configure:8313: c++ -V >&5
sbox-arm-none-linux-gnueabi-c++: argument to '-V' missing

configure:8317: $? = 1
configure:8320: checking whether we are using the GNU C++ compiler
configure:8373: result: yes
configure:8382: checking whether c++ accepts -g
configure:8520: result: yes
configure:8545: checking dependency style of c++
configure:8636: result: gcc3
configure:8659: checking how to run the C++ preprocessor
configure:8695: c++ -E  conftest.cpp
configure:8702: $? = 0
configure:8733: c++ -E  conftest.cpp
conftest.cpp:27: fatal error: ac_nonexistent.h: No such file or directory
compilation terminated.
configure:8740: $? = 1
configure: failed program was:
| /* confdefs.h.  */
| #define PACKAGE_NAME "pango"
| #define PACKAGE_TARNAME "pango"
| #define PACKAGE_VERSION "1.24.2"
| #define PACKAGE_STRING "pango 1.24.2"
| #define PACKAGE_BUGREPORT "http://bugzilla.gnome.org/enter_bug.cgi?product=pango"
| #define PACKAGE "pango"
| #define VERSION "1.24.2"
| #define MODULE_VERSION "1.6.0"
| #define PANGO_BINARY_AGE 2402
| #define PANGO_INTERFACE_AGE 2
| #define PANGO_VERSION_MAJOR 1
| #define PANGO_VERSION_MINOR 24
| #define PANGO_VERSION_MICRO 2
| #define STDC_HEADERS 1
| #define HAVE_SYS_TYPES_H 1
| #define HAVE_SYS_STAT_H 1
| #define HAVE_STDLIB_H 1
| #define HAVE_STRING_H 1
| #define HAVE_MEMORY_H 1
| #define HAVE_STRINGS_H 1
| #define HAVE_INTTYPES_H 1
| #define HAVE_STDINT_H 1
| #define HAVE_UNISTD_H 1
| #define HAVE_DLFCN_H 1
| /* end confdefs.h.  */
| #include <ac_nonexistent.h>
configure:8773: result: c++ -E
configure:8802: c++ -E  conftest.cpp
configure:8809: $? = 0
configure:8840: c++ -E  conftest.cpp
conftest.cpp:27: fatal error: ac_nonexistent.h: No such file or directory
compilation terminated.
configure:8847: $? = 1
configure: failed program was:
| /* confdefs.h.  */
| #define PACKAGE_NAME "pango"
| #define PACKAGE_TARNAME "pango"
| #define PACKAGE_VERSION "1.24.2"
| #define PACKAGE_STRING "pango 1.24.2"
| #define PACKAGE_BUGREPORT "http://bugzilla.gnome.org/enter_bug.cgi?product=pango"
| #define PACKAGE "pango"
| #define VERSION "1.24.2"
| #define MODULE_VERSION "1.6.0"
| #define PANGO_BINARY_AGE 2402
| #define PANGO_INTERFACE_AGE 2
| #define PANGO_VERSION_MAJOR 1
| #define PANGO_VERSION_MINOR 24
| #define PANGO_VERSION_MICRO 2
| #define STDC_HEADERS 1
| #define HAVE_SYS_TYPES_H 1
| #define HAVE_SYS_STAT_H 1
| #define HAVE_STDLIB_H 1
| #define HAVE_STRING_H 1
| #define HAVE_MEMORY_H 1
| #define HAVE_STRINGS_H 1
| #define HAVE_INTTYPES_H 1
| #define HAVE_STDINT_H 1
| #define HAVE_UNISTD_H 1
| #define HAVE_DLFCN_H 1
| /* end confdefs.h.  */
| #include <ac_nonexistent.h>
configure:9028: checking for objdir
configure:9043: result: .libs
configure:9335: checking if gcc supports -fno-rtti -fno-exceptions
configure:9353: gcc -c -g -O2  -fno-rtti -fno-exceptions conftest.c >&5
cc1: warning: command line option "-fno-rtti" is valid for C++/ObjC++ but not for C
cc1: warning: command line option "-fno-rtti" is valid for C++/ObjC++ but not for C
configure:9357: $? = 0
configure:9370: result: no
configure:9390: checking for gcc option to produce PIC
configure:9662: result: -fPIC -DPIC
configure:9674: checking if gcc PIC flag -fPIC -DPIC works
configure:9692: gcc -c -g -O2  -fPIC -DPIC -DPIC conftest.c >&5
configure:9696: $? = 0
configure:9709: result: yes
configure:9733: checking if gcc static flag -static works
configure:9761: result: yes
configure:9776: checking if gcc supports -c -o file.o
configure:9797: gcc -c -g -O2  -o out/conftest2.o conftest.c >&5
configure:9801: $? = 0
configure:9823: result: yes
configure:9831: checking if gcc supports -c -o file.o
configure:9878: result: yes
configure:9911: checking whether the gcc linker (/scratchbox/compilers/cs2009q3-eglibc2.10-armv7-hard/arm-none-linux-gnueabi/bin/ld) supports shared libraries
configure:10985: result: yes
configure:11022: checking whether -lc should be explicitly linked in
configure:11027: gcc -c -g -O2  conftest.c >&5
configure:11030: $? = 0
configure:11045: gcc -shared conftest.o  -v -Wl,-soname -Wl,conftest -o conftest 2\>\&1 \| /scratchbox/tools/bin/grep  -lc  \>/dev/null 2\>\&1
configure:11048: $? = 0
configure:11060: result: no
configure:11224: checking dynamic linker characteristics
configure:11667: gcc -o conftest -g -O2   -Wl,-rpath -Wl,/foo conftest.c  >&5
configure:11674: $? = 0
configure:11910: result: GNU/Linux ld.so
configure:12012: checking how to hardcode library paths into programs
configure:12037: result: immediate
configure:12870: checking whether stripping libraries is possible
configure:12875: result: yes
configure:12910: checking if libtool supports shared libraries
configure:12912: result: yes
configure:12915: checking whether to build shared libraries
configure:12936: result: yes
configure:12939: checking whether to build static libraries
configure:12943: result: no
configure:13093: checking for ld used by c++
configure:13160: result: /scratchbox/compilers/cs2009q3-eglibc2.10-armv7-hard/arm-none-linux-gnueabi/bin/ld
configure:13169: checking if the linker (/scratchbox/compilers/cs2009q3-eglibc2.10-armv7-hard/arm-none-linux-gnueabi/bin/ld) is GNU ld
configure:13184: result: yes
configure:13239: checking whether the c++ linker (/scratchbox/compilers/cs2009q3-eglibc2.10-armv7-hard/arm-none-linux-gnueabi/bin/ld) supports shared libraries
configure:14214: result: yes
configure:14242: c++ -c -g -O2  conftest.cpp >&5
configure:14245: $? = 0
configure:14427: checking for c++ option to produce PIC
configure:14744: result: -fPIC -DPIC
configure:14753: checking if c++ PIC flag -fPIC -DPIC works
configure:14771: c++ -c -g -O2  -fPIC -DPIC -DPIC conftest.cpp >&5
configure:14775: $? = 0
configure:14788: result: yes
configure:14809: checking if c++ static flag -static works
configure:14837: result: yes
configure:14849: checking if c++ supports -c -o file.o
configure:14870: c++ -c -g -O2  -o out/conftest2.o conftest.cpp >&5
configure:14874: $? = 0
configure:14896: result: yes
configure:14901: checking if c++ supports -c -o file.o
configure:14948: result: yes
configure:14978: checking whether the c++ linker (/scratchbox/compilers/cs2009q3-eglibc2.10-armv7-hard/arm-none-linux-gnueabi/bin/ld) supports shared libraries
configure:15004: result: yes
configure:15141: checking dynamic linker characteristics
configure:15532: c++ -o conftest -g -O2   -Wl,-rpath -Wl,/foo conftest.cpp  >&5
configure:15539: $? = 0
configure:15775: result: GNU/Linux ld.so
configure:15826: checking how to hardcode library paths into programs
configure:15851: result: immediate
configure:15910: creating ./config.lt

## ------------------ ##
## Running config.lt. ##
## ------------------ ##
config.lt:606: creating libtool
configure:17467: checking for some Win32 platform
configure:17477: result: no
configure:17688: checking for perl5
configure:17718: result: no
configure:17688: checking for perl
configure:17704: found /scratchbox/tools/bin/perl
configure:17715: result: perl
configure:17737: checking for X
configure:17852: gcc -E  conftest.c
configure:17859: $? = 0
configure:17908: gcc -o conftest -g -O2 -Wall   conftest.c -lX11  >&5
configure:17915: $? = 0
configure:17977: result: libraries , headers 
configure:18146: gcc -o conftest -g -O2 -Wall   conftest.c   -lX11 >&5
configure:18153: $? = 0
configure:18321: checking for gethostbyname
configure:18377: gcc -o conftest -g -O2 -Wall   conftest.c  >&5
configure:18384: $? = 0
configure:18404: result: yes
configure:18557: checking for connect
configure:18613: gcc -o conftest -g -O2 -Wall   conftest.c  >&5
configure:18620: $? = 0
configure:18640: result: yes
configure:18716: checking for remove
configure:18772: gcc -o conftest -g -O2 -Wall   conftest.c  >&5
configure:18779: $? = 0
configure:18799: result: yes
configure:18875: checking for shmat
configure:18931: gcc -o conftest -g -O2 -Wall   conftest.c  >&5
configure:18938: $? = 0
configure:18958: result: yes
configure:19043: checking for IceConnectionNumber in -lICE
configure:19078: gcc -o conftest -g -O2 -Wall   conftest.c -lICE   >&5
configure:19085: $? = 0
configure:19106: result: yes
configure:19196: checking for pkg-config
configure:19214: found /usr/bin/pkg-config
configure:19226: result: /usr/bin/pkg-config
configure:19251: checking pkg-config is at least version 0.9.0
configure:19254: result: yes
configure:19265: checking for FONTCONFIG
configure:19272: $PKG_CONFIG --exists --print-errors "fontconfig >= 2.5.0"
configure:19275: $? = 0
configure:19288: $PKG_CONFIG --exists --print-errors "fontconfig >= 2.5.0"
configure:19291: $? = 0
configure:19328: result: yes
configure:19341: checking for FREETYPE
configure:19348: $PKG_CONFIG --exists --print-errors "freetype2"
configure:19351: $? = 0
configure:19364: $PKG_CONFIG --exists --print-errors "freetype2"
configure:19367: $? = 0
configure:19404: result: yes
configure:19434: checking for XFT
configure:19441: $PKG_CONFIG --exists --print-errors "xft >= 2.0.0 xrender"
configure:19444: $? = 0
configure:19457: $PKG_CONFIG --exists --print-errors "xft >= 2.0.0 xrender"
configure:19460: $? = 0
configure:19497: result: yes
configure:19597: checking Carbon/Carbon.h usability
configure:19614: gcc -c -g -O2 -Wall  conftest.c >&5
conftest.c:64: fatal error: Carbon/Carbon.h: No such file or directory
compilation terminated.
configure:19621: $? = 1
configure: failed program was:
| /* confdefs.h.  */
| #define PACKAGE_NAME "pango"
| #define PACKAGE_TARNAME "pango"
| #define PACKAGE_VERSION "1.24.2"
| #define PACKAGE_STRING "pango 1.24.2"
| #define PACKAGE_BUGREPORT "http://bugzilla.gnome.org/enter_bug.cgi?product=pango"
| #define PACKAGE "pango"
| #define VERSION "1.24.2"
| #define MODULE_VERSION "1.6.0"
| #define PANGO_BINARY_AGE 2402
| #define PANGO_INTERFACE_AGE 2
| #define PANGO_VERSION_MAJOR 1
| #define PANGO_VERSION_MINOR 24
| #define PANGO_VERSION_MICRO 2
| #define STDC_HEADERS 1
| #define HAVE_SYS_TYPES_H 1
| #define HAVE_SYS_STAT_H 1
| #define HAVE_STDLIB_H 1
| #define HAVE_STRING_H 1
| #define HAVE_MEMORY_H 1
| #define HAVE_STRINGS_H 1
| #define HAVE_INTTYPES_H 1
| #define HAVE_STDINT_H 1
| #define HAVE_UNISTD_H 1
| #define HAVE_DLFCN_H 1
| #define LT_OBJDIR ".libs/"
| #define HAVE_X 1
| #define HAVE_FREETYPE 1
| #define HAVE_XFT 1
| /* end confdefs.h.  */
| #include <stdio.h>
| #ifdef HAVE_SYS_TYPES_H
| # include <sys/types.h>
| #endif
| #ifdef HAVE_SYS_STAT_H
| # include <sys/stat.h>
| #endif
| #ifdef STDC_HEADERS
| # include <stdlib.h>
| # include <stddef.h>
| #else
| # ifdef HAVE_STDLIB_H
| #  include <stdlib.h>
| # endif
| #endif
| #ifdef HAVE_STRING_H
| # if !defined STDC_HEADERS && defined HAVE_MEMORY_H
| #  include <memory.h>
| # endif
| # include <string.h>
| #endif
| #ifdef HAVE_STRINGS_H
| # include <strings.h>
| #endif
| #ifdef HAVE_INTTYPES_H
| # include <inttypes.h>
| #endif
| #ifdef HAVE_STDINT_H
| # include <stdint.h>
| #endif
| #ifdef HAVE_UNISTD_H
| # include <unistd.h>
| #endif
| #include <Carbon/Carbon.h>
configure:19635: result: no
configure:19639: checking Carbon/Carbon.h presence
configure:19654: gcc -E  conftest.c
conftest.c:31: fatal error: Carbon/Carbon.h: No such file or directory
compilation terminated.
configure:19661: $? = 1
configure: failed program was:
| /* confdefs.h.  */
| #define PACKAGE_NAME "pango"
| #define PACKAGE_TARNAME "pango"
| #define PACKAGE_VERSION "1.24.2"
| #define PACKAGE_STRING "pango 1.24.2"
| #define PACKAGE_BUGREPORT "http://bugzilla.gnome.org/enter_bug.cgi?product=pango"
| #define PACKAGE "pango"
| #define VERSION "1.24.2"
| #define MODULE_VERSION "1.6.0"
| #define PANGO_BINARY_AGE 2402
| #define PANGO_INTERFACE_AGE 2
| #define PANGO_VERSION_MAJOR 1
| #define PANGO_VERSION_MINOR 24
| #define PANGO_VERSION_MICRO 2
| #define STDC_HEADERS 1
| #define HAVE_SYS_TYPES_H 1
| #define HAVE_SYS_STAT_H 1
| #define HAVE_STDLIB_H 1
| #define HAVE_STRING_H 1
| #define HAVE_MEMORY_H 1
| #define HAVE_STRINGS_H 1
| #define HAVE_INTTYPES_H 1
| #define HAVE_STDINT_H 1
| #define HAVE_UNISTD_H 1
| #define HAVE_DLFCN_H 1
| #define LT_OBJDIR ".libs/"
| #define HAVE_X 1
| #define HAVE_FREETYPE 1
| #define HAVE_XFT 1
| /* end confdefs.h.  */
| #include <Carbon/Carbon.h>
configure:19675: result: no
configure:19708: checking for Carbon/Carbon.h
configure:19715: result: no
configure:19742: checking for CAIRO
configure:19749: $PKG_CONFIG --exists --print-errors "cairo >= $cairo_required"
configure:19752: $? = 0
configure:19765: $PKG_CONFIG --exists --print-errors "cairo >= $cairo_required"
configure:19768: $? = 0
configure:19805: result: yes
configure:19823: $PKG_CONFIG --exists --print-errors "cairo-ft >= $cairo_required"
configure:19826: $? = 0
configure:19887: checking which cairo font backends could be used
configure:19890: result: freetype 
configure:19907: $PKG_CONFIG --exists --print-errors "cairo-png >= $cairo_required"
configure:19910: $? = 0
configure:19925: $PKG_CONFIG --exists --print-errors "cairo-ps >= $cairo_required"
configure:19928: $? = 0
configure:19943: $PKG_CONFIG --exists --print-errors "cairo-pdf >= $cairo_required"
configure:19946: $? = 0
configure:19961: $PKG_CONFIG --exists --print-errors "cairo-xlib >= $cairo_required"
configure:19964: $? = 0
configure:20070: checking for GLIB
configure:20077: $PKG_CONFIG --exists --print-errors "$GLIB_MODULES"
configure:20080: $? = 0
configure:20093: $PKG_CONFIG --exists --print-errors "$GLIB_MODULES"
configure:20096: $? = 0
configure:20143: result: yes
configure:20166: checking for LIBTHAI
configure:20173: $PKG_CONFIG --exists --print-errors "libthai >= $LIBTHAI_REQUIRED_VERSION"
Package libthai was not found in the pkg-config search path.
Perhaps you should add the directory containing `libthai.pc'
to the PKG_CONFIG_PATH environment variable
No package 'libthai' found
configure:20176: $? = 1
configure:20189: $PKG_CONFIG --exists --print-errors "libthai >= $LIBTHAI_REQUIRED_VERSION"
Package libthai was not found in the pkg-config search path.
Perhaps you should add the directory containing `libthai.pc'
to the PKG_CONFIG_PATH environment variable
No package 'libthai' found
configure:20192: $? = 1
No package 'libthai' found
configure:20219: result: no
configure:20221: result: no
configure:20240: checking for INTROSPECTION
configure:20247: $PKG_CONFIG --exists --print-errors "gobject-introspection-1.0 >= 0.6.2"
Package gobject-introspection-1.0 was not found in the pkg-config search path.
Perhaps you should add the directory containing `gobject-introspection-1.0.pc'
to the PKG_CONFIG_PATH environment variable
No package 'gobject-introspection-1.0' found
configure:20250: $? = 1
configure:20263: $PKG_CONFIG --exists --print-errors "gobject-introspection-1.0 >= 0.6.2"
Package gobject-introspection-1.0 was not found in the pkg-config search path.
Perhaps you should add the directory containing `gobject-introspection-1.0.pc'
to the PKG_CONFIG_PATH environment variable
No package 'gobject-introspection-1.0' found
configure:20266: $? = 1
No package 'gobject-introspection-1.0' found
configure:20293: result: no
configure:20354: checking modules to link statically
configure:20370: result: 
configure:20384: checking dynamic modules to build
configure:20400: result: arabic-fc,arabic-lang,basic-fc,basic-win32,basic-x,basic-atsui,hangul-fc,hebrew-fc,indic-fc,indic-lang,khmer-fc,syriac-fc,thai-fc,tibetan-fc (those built into Pango will be excluded)
configure:20696: checking for flockfile
configure:20752: gcc -o conftest -g -O2 -Wall   conftest.c  >&5
configure:20759: $? = 0
configure:20781: result: yes
configure:20696: checking for strtok_r
configure:20752: gcc -o conftest -g -O2 -Wall   conftest.c  >&5
configure:20759: $? = 0
configure:20781: result: yes
configure:20838: checking whether to build gtk-doc documentation
configure:20840: result: no
configure:20847: checking for gtkdoc-check
configure:20880: result: no
configure:21148: checking Whether to write dependencies into .pc files
configure:21167: result: no
configure:21224: checking for dirent.h that defines DIR
configure:21253: gcc -c -g -O2 -Wall  conftest.c >&5
configure:21260: $? = 0
configure:21277: result: yes
configure:21292: checking for library containing opendir
configure:21333: gcc -o conftest -g -O2 -Wall   conftest.c  >&5
configure:21340: $? = 0
configure:21371: result: none required
configure:21474: checking for unistd.h
configure:21481: result: yes
configure:22147: creating ./config.status

## ---------------------- ##
## Running config.status. ##
## ---------------------- ##

This file was extended by pango config.status 1.24.2, which was
generated by GNU Autoconf 2.63.  Invocation command line was

  CONFIG_FILES    = 
  CONFIG_HEADERS  = 
  CONFIG_LINKS    = 
  CONFIG_COMMANDS = 
  $ ./config.status 

on blackiii

config.status:1286: creating Makefile
config.status:1286: creating pango/Makefile
config.status:1286: creating pango/mini-fribidi/Makefile
config.status:1286: creating pango/opentype/Makefile
config.status:1286: creating pango/pango.rc
config.status:1286: creating pango/pangoft2.rc
config.status:1286: creating pango/pangowin32.rc
config.status:1286: creating pango-view/Makefile
config.status:1286: creating modules/Makefile
config.status:1286: creating modules/arabic/Makefile
config.status:1286: creating modules/basic/Makefile
config.status:1286: creating modules/hangul/Makefile
config.status:1286: creating modules/hebrew/Makefile
config.status:1286: creating modules/indic/Makefile
config.status:1286: creating modules/khmer/Makefile
config.status:1286: creating modules/syriac/Makefile
config.status:1286: creating modules/thai/Makefile
config.status:1286: creating modules/tibetan/Makefile
config.status:1286: creating examples/Makefile
config.status:1286: creating docs/Makefile
config.status:1286: creating docs/version.xml
config.status:1286: creating tools/Makefile
config.status:1286: creating tests/Makefile
config.status:1286: creating pango.pc
config.status:1286: creating pangox.pc
config.status:1286: creating pangowin32.pc
config.status:1286: creating pangoft2.pc
config.status:1286: creating pangoxft.pc
config.status:1286: creating pangocairo.pc
config.status:1286: creating pango-uninstalled.pc
config.status:1286: creating pangox-uninstalled.pc
config.status:1286: creating pangowin32-uninstalled.pc
config.status:1286: creating pangoft2-uninstalled.pc
config.status:1286: creating pangoxft-uninstalled.pc
config.status:1286: creating pangocairo-uninstalled.pc
config.status:1286: creating pango-zip.sh
config.status:1286: creating tests/runtests.sh
config.status:1286: creating config.h
config.status:1560: executing depfiles commands
config.status:1560: executing libtool commands
config.status:1560: executing pango/module-defs.h commands
config.status:1560: executing pango/module-defs-x.c commands
config.status:1560: executing pango/module-defs-fc.c commands
config.status:1560: executing pango/module-defs-win32.c commands
config.status:1560: executing pango/module-defs-atsui.c commands
config.status:1560: executing pango/module-defs-lang.c commands
config.status:1560: executing pango/pango-features.h commands
config.status:2667: creating pango/pango-features.h
config.status:2687: pango/pango-features.h is unchanged

## ---------------- ##
## Cache variables. ##
## ---------------- ##

ac_cv_build=arm-unknown-linux-gnueabi
ac_cv_c_compiler_gnu=yes
ac_cv_cxx_compiler_gnu=yes
ac_cv_env_CAIRO_CFLAGS_set=
ac_cv_env_CAIRO_CFLAGS_value=
ac_cv_env_CAIRO_LIBS_set=
ac_cv_env_CAIRO_LIBS_value=
ac_cv_env_CCC_set=
ac_cv_env_CCC_value=
ac_cv_env_CC_set=
ac_cv_env_CC_value=
ac_cv_env_CFLAGS_set=
ac_cv_env_CFLAGS_value=
ac_cv_env_CPPFLAGS_set=
ac_cv_env_CPPFLAGS_value=
ac_cv_env_CPP_set=
ac_cv_env_CPP_value=
ac_cv_env_CXXCPP_set=
ac_cv_env_CXXCPP_value=
ac_cv_env_CXXFLAGS_set=
ac_cv_env_CXXFLAGS_value=
ac_cv_env_CXX_set=
ac_cv_env_CXX_value=
ac_cv_env_FONTCONFIG_CFLAGS_set=
ac_cv_env_FONTCONFIG_CFLAGS_value=
ac_cv_env_FONTCONFIG_LIBS_set=
ac_cv_env_FONTCONFIG_LIBS_value=
ac_cv_env_FREETYPE_CFLAGS_set=
ac_cv_env_FREETYPE_CFLAGS_value=
ac_cv_env_FREETYPE_LIBS_set=
ac_cv_env_FREETYPE_LIBS_value=
ac_cv_env_GLIB_CFLAGS_set=
ac_cv_env_GLIB_CFLAGS_value=
ac_cv_env_GLIB_LIBS_set=
ac_cv_env_GLIB_LIBS_value=
ac_cv_env_INTROSPECTION_CFLAGS_set=
ac_cv_env_INTROSPECTION_CFLAGS_value=
ac_cv_env_INTROSPECTION_LIBS_set=
ac_cv_env_INTROSPECTION_LIBS_value=
ac_cv_env_LDFLAGS_set=
ac_cv_env_LDFLAGS_value=
ac_cv_env_LIBS_set=
ac_cv_env_LIBS_value=
ac_cv_env_LIBTHAI_CFLAGS_set=
ac_cv_env_LIBTHAI_CFLAGS_value=
ac_cv_env_LIBTHAI_LIBS_set=
ac_cv_env_LIBTHAI_LIBS_value=
ac_cv_env_PKG_CONFIG_set=
ac_cv_env_PKG_CONFIG_value=
ac_cv_env_XFT_CFLAGS_set=
ac_cv_env_XFT_CFLAGS_value=
ac_cv_env_XFT_LIBS_set=
ac_cv_env_XFT_LIBS_value=
ac_cv_env_XMKMF_set=
ac_cv_env_XMKMF_value=
ac_cv_env_build_alias_set=
ac_cv_env_build_alias_value=
ac_cv_env_host_alias_set=
ac_cv_env_host_alias_value=
ac_cv_env_target_alias_set=
ac_cv_env_target_alias_value=
ac_cv_func_connect=yes
ac_cv_func_flockfile=yes
ac_cv_func_gethostbyname=yes
ac_cv_func_remove=yes
ac_cv_func_shmat=yes
ac_cv_func_strtok_r=yes
ac_cv_have_x='have_x=yes	ac_x_includes='\'''\''	ac_x_libraries='\'''\'''
ac_cv_header_Carbon_Carbon_h=no
ac_cv_header_dirent_dirent_h=yes
ac_cv_header_dlfcn_h=yes
ac_cv_header_inttypes_h=yes
ac_cv_header_memory_h=yes
ac_cv_header_stdc=yes
ac_cv_header_stdint_h=yes
ac_cv_header_stdlib_h=yes
ac_cv_header_string_h=yes
ac_cv_header_strings_h=yes
ac_cv_header_sys_stat_h=yes
ac_cv_header_sys_types_h=yes
ac_cv_header_unistd_h=yes
ac_cv_host=arm-unknown-linux-gnueabi
ac_cv_lib_ICE_IceConnectionNumber=yes
ac_cv_objext=o
ac_cv_path_EGREP='/scratchbox/tools/bin/grep -E'
ac_cv_path_FGREP='/scratchbox/tools/bin/grep -F'
ac_cv_path_GREP=/scratchbox/tools/bin/grep
ac_cv_path_SED=/scratchbox/tools/bin/sed
ac_cv_path_ac_pt_PKG_CONFIG=/usr/bin/pkg-config
ac_cv_path_install='/scratchbox/tools/bin/install -c'
ac_cv_path_mkdir=/scratchbox/tools/bin/mkdir
ac_cv_prog_AWK=gawk
ac_cv_prog_CPP='gcc -E'
ac_cv_prog_CXX=c++
ac_cv_prog_CXXCPP='c++ -E'
ac_cv_prog_PERL=perl
ac_cv_prog_ac_ct_AR=ar
ac_cv_prog_ac_ct_CC=gcc
ac_cv_prog_ac_ct_OBJDUMP=objdump
ac_cv_prog_ac_ct_RANLIB=ranlib
ac_cv_prog_ac_ct_STRIP=strip
ac_cv_prog_cc_c89=
ac_cv_prog_cc_g=yes
ac_cv_prog_cxx_g=yes
ac_cv_prog_make_make_set=yes
ac_cv_search_opendir='none required'
am_cv_CC_dependencies_compiler_type=gcc3
am_cv_CXX_dependencies_compiler_type=gcc3
lt_cv_deplibs_check_method=pass_all
lt_cv_file_magic_cmd='$MAGIC_CMD'
lt_cv_file_magic_test_file=
lt_cv_ld_reload_flag=-r
lt_cv_nm_interface='BSD nm'
lt_cv_objdir=.libs
lt_cv_path_LD=/scratchbox/compilers/cs2009q3-eglibc2.10-armv7-hard/arm-none-linux-gnueabi/bin/ld
lt_cv_path_LDCXX=/scratchbox/compilers/cs2009q3-eglibc2.10-armv7-hard/arm-none-linux-gnueabi/bin/ld
lt_cv_path_NM='/scratchbox/compilers/bin/nm -B'
lt_cv_prog_compiler_c_o=yes
lt_cv_prog_compiler_c_o_CXX=yes
lt_cv_prog_compiler_pic_works=yes
lt_cv_prog_compiler_pic_works_CXX=yes
lt_cv_prog_compiler_rtti_exceptions=no
lt_cv_prog_compiler_static_works=yes
lt_cv_prog_compiler_static_works_CXX=yes
lt_cv_prog_gnu_ld=yes
lt_cv_prog_gnu_ldcxx=yes
lt_cv_sys_global_symbol_pipe='sed -n -e '\''s/^.*[	 ]\([ABCDGIRSTW][ABCDGIRSTW]*\)[	 ][	 ]*\([_A-Za-z][_A-Za-z0-9]*\)$/\1 \2 \2/p'\'''
lt_cv_sys_global_symbol_to_c_name_address='sed -n -e '\''s/^: \([^ ]*\) $/  {\"\1\", (void *) 0},/p'\'' -e '\''s/^[ABCDGIRSTW]* \([^ ]*\) \([^ ]*\)$/  {"\2", (void *) \&\2},/p'\'''
lt_cv_sys_global_symbol_to_c_name_address_lib_prefix='sed -n -e '\''s/^: \([^ ]*\) $/  {\"\1\", (void *) 0},/p'\'' -e '\''s/^[ABCDGIRSTW]* \([^ ]*\) \(lib[^ ]*\)$/  {"\2", (void *) \&\2},/p'\'' -e '\''s/^[ABCDGIRSTW]* \([^ ]*\) \([^ ]*\)$/  {"lib\2", (void *) \&\2},/p'\'''
lt_cv_sys_global_symbol_to_cdecl='sed -n -e '\''s/^T .* \(.*\)$/extern int \1();/p'\'' -e '\''s/^[ABCDGIRSTW]* .* \(.*\)$/extern char \1;/p'\'''
lt_cv_sys_max_cmd_len=1572864
pkg_cv_CAIRO_CFLAGS='-pthread -I/usr/include/cairo -I/usr/include/glib-2.0 -I/usr/lib/glib-2.0/include -I/usr/include/pixman-1 -I/usr/include/freetype2 -I/usr/include/libpng12  '
pkg_cv_CAIRO_LIBS='-lcairo  '
pkg_cv_FONTCONFIG_CFLAGS=' '
pkg_cv_FONTCONFIG_LIBS='-lfontconfig  '
pkg_cv_FREETYPE_CFLAGS='-I/usr/include/freetype2  '
pkg_cv_FREETYPE_LIBS='-lfreetype  '
pkg_cv_GLIB_CFLAGS='-pthread -I/usr/include/glib-2.0 -I/usr/lib/glib-2.0/include  '
pkg_cv_GLIB_LIBS='-pthread -lgobject-2.0 -lgthread-2.0 -lgmodule-2.0 -lrt -lglib-2.0  '
pkg_cv_XFT_CFLAGS='-I/usr/include/freetype2  '
pkg_cv_XFT_LIBS='-lXft -lXrender -lX11  '

## ----------------- ##
## Output variables. ##
## ----------------- ##

ACLOCAL='${SHELL} /home/qwazix/cordia/pango-1.24.2/missing --run aclocal-1.10 '
AMDEPBACKSLASH='\'
AMDEP_FALSE='#'
AMDEP_TRUE=''
AMTAR='${SHELL} /home/qwazix/cordia/pango-1.24.2/missing --run tar'
AR='ar'
AS='as'
AUTOCONF='${SHELL} /home/qwazix/cordia/pango-1.24.2/missing --run autoconf'
AUTOHEADER='${SHELL} /home/qwazix/cordia/pango-1.24.2/missing --run autoheader'
AUTOMAKE='${SHELL} /home/qwazix/cordia/pango-1.24.2/missing --run automake-1.10'
AWK='gawk'
CAIRO_CFLAGS='-pthread -I/usr/include/cairo -I/usr/include/glib-2.0 -I/usr/lib/glib-2.0/include -I/usr/include/pixman-1 -I/usr/include/freetype2 -I/usr/include/libpng12  '
CAIRO_LIBS='-lcairo  '
CAIRO_PREFIX='/usr'
CC='gcc'
CCDEPMODE='depmode=gcc3'
CFLAGS='-g -O2 -Wall'
CPP='gcc -E'
CPPFLAGS=''
CROSS_COMPILING_FALSE=''
CROSS_COMPILING_TRUE='#'
CXX='c++'
CXXCPP='c++ -E'
CXXDEPMODE='depmode=gcc3'
CXXFLAGS='-g -O2'
CYGPATH_W='echo'
DEFS='-DHAVE_CONFIG_H'
DEPDIR='.deps'
DISABLE_EXPLICIT_DEPS_FALSE='#'
DISABLE_EXPLICIT_DEPS_TRUE=''
DLLTOOL='dlltool'
DSYMUTIL=''
DUMPBIN=''
DYNAMIC_ARABIC_FC_FALSE='#'
DYNAMIC_ARABIC_FC_TRUE=''
DYNAMIC_ARABIC_LANG_FALSE='#'
DYNAMIC_ARABIC_LANG_TRUE=''
DYNAMIC_BASIC_ATSUI_FALSE='#'
DYNAMIC_BASIC_ATSUI_TRUE=''
DYNAMIC_BASIC_FC_FALSE='#'
DYNAMIC_BASIC_FC_TRUE=''
DYNAMIC_BASIC_WIN32_FALSE='#'
DYNAMIC_BASIC_WIN32_TRUE=''
DYNAMIC_BASIC_X_FALSE='#'
DYNAMIC_BASIC_X_TRUE=''
DYNAMIC_HANGUL_FC_FALSE='#'
DYNAMIC_HANGUL_FC_TRUE=''
DYNAMIC_HEBREW_FC_FALSE='#'
DYNAMIC_HEBREW_FC_TRUE=''
DYNAMIC_INDIC_FC_FALSE='#'
DYNAMIC_INDIC_FC_TRUE=''
DYNAMIC_INDIC_LANG_FALSE='#'
DYNAMIC_INDIC_LANG_TRUE=''
DYNAMIC_KHMER_FC_FALSE='#'
DYNAMIC_KHMER_FC_TRUE=''
DYNAMIC_SYRIAC_FC_FALSE='#'
DYNAMIC_SYRIAC_FC_TRUE=''
DYNAMIC_THAI_FC_FALSE='#'
DYNAMIC_THAI_FC_TRUE=''
DYNAMIC_THAI_LANG_FALSE=''
DYNAMIC_THAI_LANG_TRUE='#'
DYNAMIC_TIBETAN_FC_FALSE='#'
DYNAMIC_TIBETAN_FC_TRUE=''
ECHO_C=''
ECHO_N='-n'
ECHO_T=''
EGREP='/scratchbox/tools/bin/grep -E'
ENABLE_DOC_CROSS_REFERENCES_FALSE='#'
ENABLE_DOC_CROSS_REFERENCES_TRUE=''
ENABLE_GTK_DOC_FALSE=''
ENABLE_GTK_DOC_TRUE='#'
ENABLE_MAN_FALSE=''
ENABLE_MAN_TRUE='#'
EXEEXT=''
FGREP='/scratchbox/tools/bin/grep -F'
FONTCONFIG_CFLAGS=' '
FONTCONFIG_LIBS='-lfontconfig  '
FREETYPE_CFLAGS='-I/usr/include/freetype2    '
FREETYPE_LIBS='-lfreetype   -lfontconfig  '
GIRDIR=''
GLIB_CFLAGS='-pthread -I/usr/include/glib-2.0 -I/usr/lib/glib-2.0/include  '
GLIB_LIBS='-pthread -lgobject-2.0 -lgthread-2.0 -lgmodule-2.0 -lrt -lglib-2.0  '
GLIB_PREFIX='/usr'
GREP='/scratchbox/tools/bin/grep'
GTKDOC_CHECK=''
GTK_DOC_USE_LIBTOOL_FALSE='#'
GTK_DOC_USE_LIBTOOL_TRUE=''
G_IR_COMPILER=''
G_IR_GENERATE=''
G_IR_SCANNER=''
HAVE_CAIRO_ATSUI_FALSE=''
HAVE_CAIRO_ATSUI_TRUE='#'
HAVE_CAIRO_FALSE='#'
HAVE_CAIRO_FREETYPE_FALSE='#'
HAVE_CAIRO_FREETYPE_TRUE=''
HAVE_CAIRO_PDF_FALSE='#'
HAVE_CAIRO_PDF_TRUE=''
HAVE_CAIRO_PNG_FALSE='#'
HAVE_CAIRO_PNG_TRUE=''
HAVE_CAIRO_PS_FALSE='#'
HAVE_CAIRO_PS_TRUE=''
HAVE_CAIRO_TRUE=''
HAVE_CAIRO_WIN32_FALSE=''
HAVE_CAIRO_WIN32_TRUE='#'
HAVE_CAIRO_XLIB_FALSE='#'
HAVE_CAIRO_XLIB_TRUE=''
HAVE_CXX_FALSE='#'
HAVE_CXX_TRUE=''
HAVE_DYNAMIC_MODULES_FALSE='#'
HAVE_DYNAMIC_MODULES_TRUE=''
HAVE_FREETYPE_FALSE='#'
HAVE_FREETYPE_TRUE=''
HAVE_INCLUDED_MODULES_FALSE=''
HAVE_INCLUDED_MODULES_TRUE='#'
HAVE_INTROSPECTION_FALSE=''
HAVE_INTROSPECTION_TRUE='#'
HAVE_WIN32_FALSE=''
HAVE_WIN32_TRUE='#'
HAVE_XFT_FALSE='#'
HAVE_XFT_TRUE=''
HAVE_X_FALSE='#'
HAVE_X_TRUE=''
HTML_DIR='${datadir}/gtk-doc/html'
INCLUDED_ATSUI_MODULES=''
INCLUDED_FC_MODULES=''
INCLUDED_LANG_MODULES=''
INCLUDED_WIN32_MODULES=''
INCLUDED_X_MODULES=''
INCLUDE_ARABIC_FC_FALSE=''
INCLUDE_ARABIC_FC_TRUE='#'
INCLUDE_ARABIC_LANG_FALSE=''
INCLUDE_ARABIC_LANG_TRUE='#'
INCLUDE_BASIC_ATSUI_FALSE=''
INCLUDE_BASIC_ATSUI_TRUE='#'
INCLUDE_BASIC_FC_FALSE=''
INCLUDE_BASIC_FC_TRUE='#'
INCLUDE_BASIC_WIN32_FALSE=''
INCLUDE_BASIC_WIN32_TRUE='#'
INCLUDE_BASIC_X_FALSE=''
INCLUDE_BASIC_X_TRUE='#'
INCLUDE_HANGUL_FC_FALSE=''
INCLUDE_HANGUL_FC_TRUE='#'
INCLUDE_HEBREW_FC_FALSE=''
INCLUDE_HEBREW_FC_TRUE='#'
INCLUDE_INDIC_FC_FALSE=''
INCLUDE_INDIC_FC_TRUE='#'
INCLUDE_INDIC_LANG_FALSE=''
INCLUDE_INDIC_LANG_TRUE='#'
INCLUDE_KHMER_FC_FALSE=''
INCLUDE_KHMER_FC_TRUE='#'
INCLUDE_SYRIAC_FC_FALSE=''
INCLUDE_SYRIAC_FC_TRUE='#'
INCLUDE_THAI_FC_FALSE=''
INCLUDE_THAI_FC_TRUE='#'
INCLUDE_THAI_LANG_FALSE=''
INCLUDE_THAI_LANG_TRUE='#'
INCLUDE_TIBETAN_FC_FALSE=''
INCLUDE_TIBETAN_FC_TRUE='#'
INSTALL_DATA='${INSTALL} -m 644'
INSTALL_PROGRAM='${INSTALL}'
INSTALL_SCRIPT='${INSTALL}'
INSTALL_STRIP_PROGRAM='$(install_sh) -c -s'
INTROSPECTION_CFLAGS=''
INTROSPECTION_LIBS=''
LD='/scratchbox/compilers/cs2009q3-eglibc2.10-armv7-hard/arm-none-linux-gnueabi/bin/ld'
LDFLAGS=''
LIBOBJS=''
LIBRARY_LIBTOOL_OPTIONS='-version-info 2400:2:2400 -export-symbols-regex "^pango_.*"'
LIBS=''
LIBTHAI_CFLAGS=''
LIBTHAI_LIBS=''
LIBTOOL='$(SHELL) $(top_builddir)/libtool'
LIB_EXE_MACHINE_FLAG=''
LIPO=''
LN_S='ln -s'
LTLIBOBJS=''
MAKEINFO='${SHELL} /home/qwazix/cordia/pango-1.24.2/missing --run makeinfo'
MKDIR_P='/scratchbox/tools/bin/mkdir -p'
MODULE_LIBTOOL_OPTIONS='-export-dynamic -avoid-version -export-symbols-regex "^script_engine_.*"'
MS_LIB_AVAILABLE_FALSE=''
MS_LIB_AVAILABLE_TRUE='#'
NM='/scratchbox/compilers/bin/nm -B'
NMEDIT=''
OBJDUMP='objdump'
OBJEXT='o'
OS_WIN32_FALSE=''
OS_WIN32_TRUE='#'
OTOOL64=''
OTOOL=''
PACKAGE='pango'
PACKAGE_BUGREPORT='http://bugzilla.gnome.org/enter_bug.cgi?product=pango'
PACKAGE_NAME='pango'
PACKAGE_STRING='pango 1.24.2'
PACKAGE_TARNAME='pango'
PACKAGE_VERSION='1.24.2'
PANGO_API_VERSION='1.0'
PANGO_BINARY_AGE='2402'
PANGO_CURRENT_MINUS_AGE='0'
PANGO_DEBUG_FLAGS='-DG_DISABLE_CAST_CHECKS'
PANGO_INTERFACE_AGE='2'
PANGO_MODULE_VERSION='1.6.0'
PANGO_VERSION='1.24.2'
PANGO_VERSION_MAJOR='1'
PANGO_VERSION_MICRO='2'
PANGO_VERSION_MINOR='24'
PATH_SEPARATOR=':'
PERL='perl'
PKGCONFIG_CAIRO_REQUIRES=''
PKGCONFIG_MATH_LIBS=''
PKG_CONFIG='/usr/bin/pkg-config'
PLATFORM_WIN32_FALSE=''
PLATFORM_WIN32_TRUE='#'
RANLIB='ranlib'
REBUILD=''
SED='/scratchbox/tools/bin/sed'
SET_MAKE=''
SHELL='/bin/sh'
STRIP='strip'
TYPELIBDIR=''
VERSION='1.24.2'
WIN32_LIBS=''
WINDRES=''
XFT_CFLAGS='-I/usr/include/freetype2  '
XFT_LIBS='-lXft -lXrender -lX11  '
XMKMF=''
XMLCATALOG=''
XML_CATALOG_FILE=''
XSLTPROC=''
X_CFLAGS=''
X_EXTRA_LIBS=''
X_LIBS=' -lX11'
X_PRE_LIBS=' -lSM -lICE'
ac_ct_CC='gcc'
ac_ct_CXX=''
ac_ct_DUMPBIN=''
am__fastdepCC_FALSE='#'
am__fastdepCC_TRUE=''
am__fastdepCXX_FALSE='#'
am__fastdepCXX_TRUE=''
am__include='include'
am__isrc=''
am__leading_dot='.'
am__quote=''
am__tar='${AMTAR} chof - "$$tardir"'
am__untar='${AMTAR} xf -'
bindir='${exec_prefix}/bin'
build='arm-unknown-linux-gnueabi'
build_alias=''
build_cpu='arm'
build_os='linux-gnueabi'
build_vendor='unknown'
datadir='${datarootdir}'
datarootdir='${prefix}/share'
docdir='${datarootdir}/doc/${PACKAGE_TARNAME}'
dvidir='${docdir}'
exec_prefix='${prefix}'
host='arm-unknown-linux-gnueabi'
host_alias=''
host_cpu='arm'
host_os='linux-gnueabi'
host_vendor='unknown'
htmldir='${docdir}'
includedir='${prefix}/include'
infodir='${datarootdir}/info'
install_sh='$(SHELL) /home/qwazix/cordia/pango-1.24.2/install-sh'
libdir='${exec_prefix}/lib'
libexecdir='${exec_prefix}/libexec'
localedir='${datarootdir}/locale'
localstatedir='${prefix}/var'
lt_ECHO='echo'
mandir='${datarootdir}/man'
mkdir_p='/scratchbox/tools/bin/mkdir -p'
ms_librarian=''
oldincludedir='/usr/include'
pdfdir='${docdir}'
prefix='/usr/local'
program_transform_name='s,x,x,'
psdir='${docdir}'
sbindir='${exec_prefix}/sbin'
sharedstatedir='${prefix}/com'
sysconfdir='${prefix}/etc'
target_alias=''

## ----------- ##
## confdefs.h. ##
## ----------- ##

#define PACKAGE_NAME "pango"
#define PACKAGE_TARNAME "pango"
#define PACKAGE_VERSION "1.24.2"
#define PACKAGE_STRING "pango 1.24.2"
#define PACKAGE_BUGREPORT "http://bugzilla.gnome.org/enter_bug.cgi?product=pango"
#define PACKAGE "pango"
#define VERSION "1.24.2"
#define MODULE_VERSION "1.6.0"
#define PANGO_BINARY_AGE 2402
#define PANGO_INTERFACE_AGE 2
#define PANGO_VERSION_MAJOR 1
#define PANGO_VERSION_MINOR 24
#define PANGO_VERSION_MICRO 2
#define STDC_HEADERS 1
#define HAVE_SYS_TYPES_H 1
#define HAVE_SYS_STAT_H 1
#define HAVE_STDLIB_H 1
#define HAVE_STRING_H 1
#define HAVE_MEMORY_H 1
#define HAVE_STRINGS_H 1
#define HAVE_INTTYPES_H 1
#define HAVE_STDINT_H 1
#define HAVE_UNISTD_H 1
#define HAVE_DLFCN_H 1
#define LT_OBJDIR ".libs/"
#define HAVE_X 1
#define HAVE_FREETYPE 1
#define HAVE_XFT 1
#define HAVE_CAIRO_FREETYPE 1
#define HAVE_CAIRO 1
#define HAVE_CAIRO_PNG 1
#define HAVE_CAIRO_PS 1
#define HAVE_CAIRO_PDF 1
#define HAVE_CAIRO_XLIB 1
#define HAVE_FLOCKFILE 1
#define HAVE_STRTOK_R 1
#define HAVE_DIRENT_H 1
#define HAVE_UNISTD_H 1

configure: exit 0
